<?xml version="1.0" encoding="UTF-8"?>
<testng-results ignored="0" total="5" passed="4" failed="1" skipped="0">
  <reporter-output>
  </reporter-output>
  <suite started-at="2026-07-18T09:23:05 IST" name="Surefire suite" finished-at="2026-07-18T09:24:31 IST" duration-ms="85968">
    <groups>
    </groups>
    <test started-at="2026-07-18T09:23:05 IST" name="Surefire test" finished-at="2026-07-18T09:24:31 IST" duration-ms="85968">
      <class name="com.employee.automation.tests.DashboardTest">
        <test-method is-config="true" signature="setup()[pri:0, instance:com.employee.automation.tests.DashboardTest@6a400542]" started-at="2026-07-18T09:23:05 IST" name="setup" finished-at="2026-07-18T09:23:16 IST" duration-ms="10803" status="PASS">
          <reporter-output>
          </reporter-output>
        </test-method> <!-- setup -->
        <test-method signature="addEmployeeTest()[pri:0, instance:com.employee.automation.tests.DashboardTest@6a400542]" started-at="2026-07-18T09:23:16 IST" name="addEmployeeTest" finished-at="2026-07-18T09:23:27 IST" duration-ms="10503" status="PASS">
          <reporter-output>
          </reporter-output>
        </test-method> <!-- addEmployeeTest -->
        <test-method is-config="true" signature="tearDown()[pri:0, instance:com.employee.automation.tests.DashboardTest@6a400542]" started-at="2026-07-18T09:23:27 IST" name="tearDown" finished-at="2026-07-18T09:23:27 IST" duration-ms="427" status="PASS">
          <reporter-output>
          </reporter-output>
        </test-method> <!-- tearDown -->
      </class> <!-- com.employee.automation.tests.DashboardTest -->
      <class name="com.employee.automation.tests.EditEmployeeTest">
        <test-method is-config="true" signature="setup()[pri:0, instance:com.employee.automation.tests.EditEmployeeTest@6580cfdd]" started-at="2026-07-18T09:23:27 IST" name="setup" finished-at="2026-07-18T09:23:29 IST" duration-ms="1687" status="PASS">
          <reporter-output>
          </reporter-output>
        </test-method> <!-- setup -->
        <test-method signature="editEmployeeTest()[pri:0, instance:com.employee.automation.tests.EditEmployeeTest@6580cfdd]" started-at="2026-07-18T09:23:29 IST" name="editEmployeeTest" finished-at="2026-07-18T09:24:00 IST" duration-ms="31613" status="FAIL">
          <exception class="org.openqa.selenium.TimeoutException">
            <message>
              <![CDATA[Expected condition failed: waiting for element to be clickable: By.id: editEmployee (tried for 10 second(s) with 500 milliseconds interval)
Build info: version: '4.34.0', revision: '707dcb4246*'
System info: os.name: 'Windows 11', os.arch: 'amd64', os.version: '10.0', java.version: '21.0.11'
Driver info: org.openqa.selenium.chrome.ChromeDriver
Capabilities {acceptInsecureCerts: false, browserName: chrome, browserVersion: 150.0.7871.127, chrome: {chromedriverVersion: 150.0.7871.124 (9261fd0a595..., userDataDir: C:\Users\ASUSTU~1\AppData\L...}, fedcm:accounts: true, goog:chromeOptions: {debuggerAddress: localhost:53435}, goog:processID: 38116, networkConnectionEnabled: false, pageLoadStrategy: normal, platformName: windows, proxy: Proxy(), se:cdp: ws://localhost:53435/devtoo..., se:cdpVersion: 150.0.7871.127, setWindowRect: true, strictFileInteractability: false, timeouts: {implicit: 0, pageLoad: 300000, script: 30000}, unhandledPromptBehavior: dismiss and notify, webauthn:extension:credBlob: true, webauthn:extension:largeBlob: true, webauthn:extension:minPinLength: true, webauthn:extension:prf: true, webauthn:virtualAuthenticators: true}
Session ID: b477d558c994247aa01d8fa5b34a5e3b]]>
            </message>
            <full-stacktrace>
              <![CDATA[org.openqa.selenium.TimeoutException: Expected condition failed: waiting for element to be clickable: By.id: editEmployee (tried for 10 second(s) with 500 milliseconds interval)
Build info: version: '4.34.0', revision: '707dcb4246*'
System info: os.name: 'Windows 11', os.arch: 'amd64', os.version: '10.0', java.version: '21.0.11'
Driver info: org.openqa.selenium.chrome.ChromeDriver
Capabilities {acceptInsecureCerts: false, browserName: chrome, browserVersion: 150.0.7871.127, chrome: {chromedriverVersion: 150.0.7871.124 (9261fd0a595..., userDataDir: C:\Users\ASUSTU~1\AppData\L...}, fedcm:accounts: true, goog:chromeOptions: {debuggerAddress: localhost:53435}, goog:processID: 38116, networkConnectionEnabled: false, pageLoadStrategy: normal, platformName: windows, proxy: Proxy(), se:cdp: ws://localhost:53435/devtoo..., se:cdpVersion: 150.0.7871.127, setWindowRect: true, strictFileInteractability: false, timeouts: {implicit: 0, pageLoad: 300000, script: 30000}, unhandledPromptBehavior: dismiss and notify, webauthn:extension:credBlob: true, webauthn:extension:largeBlob: true, webauthn:extension:minPinLength: true, webauthn:extension:prf: true, webauthn:virtualAuthenticators: true}
Session ID: b477d558c994247aa01d8fa5b34a5e3b
at org.openqa.selenium.support.ui.WebDriverWait.timeoutException(WebDriverWait.java:84)
at org.openqa.selenium.support.ui.FluentWait.until(FluentWait.java:228)
at com.employee.automation.pages.EmployeePage.clickEdit(EmployeePage.java:310)
at com.employee.automation.tests.EditEmployeeTest.editEmployeeTest(EditEmployeeTest.java:37)
at java.base/jdk.internal.reflect.DirectMethodHandleAccessor.invoke(DirectMethodHandleAccessor.java:103)
at java.base/java.lang.reflect.Method.invoke(Method.java:580)
at org.testng.internal.invokers.MethodInvocationHelper.invokeMethod(MethodInvocationHelper.java:141)
at org.testng.internal.invokers.TestInvoker.invokeMethod(TestInvoker.java:687)
at org.testng.internal.invokers.TestInvoker.invokeTestMethod(TestInvoker.java:230)
at org.testng.internal.invokers.MethodRunner.runInSequence(MethodRunner.java:63)
at org.testng.internal.invokers.TestInvoker$MethodInvocationAgent.invoke(TestInvoker.java:995)
at org.testng.internal.invokers.TestInvoker.invokeTestMethods(TestInvoker.java:203)
at org.testng.internal.invokers.TestMethodWorker.invokeTestMethods(TestMethodWorker.java:154)
at org.testng.internal.invokers.TestMethodWorker.run(TestMethodWorker.java:134)
at java.base/java.util.ArrayList.forEach(ArrayList.java:1596)
at org.testng.TestRunner.privateRun(TestRunner.java:741)
at org.testng.TestRunner.run(TestRunner.java:616)
at org.testng.SuiteRunner.runTest(SuiteRunner.java:421)
at org.testng.SuiteRunner.runSequentially(SuiteRunner.java:413)
at org.testng.SuiteRunner.privateRun(SuiteRunner.java:373)
at org.testng.SuiteRunner.run(SuiteRunner.java:312)
at org.testng.SuiteRunnerWorker.runSuite(SuiteRunnerWorker.java:52)
at org.testng.SuiteRunnerWorker.run(SuiteRunnerWorker.java:95)
at org.testng.TestNG.runSuitesSequentially(TestNG.java:1274)
at org.testng.TestNG.runSuitesLocally(TestNG.java:1208)
at org.testng.TestNG.runSuites(TestNG.java:1112)
at org.testng.TestNG.run(TestNG.java:1079)
at org.apache.maven.surefire.testng.TestNGExecutor.run(TestNGExecutor.java:155)
at org.apache.maven.surefire.testng.TestNGDirectoryTestSuite.executeMulti(TestNGDirectoryTestSuite.java:169)
at org.apache.maven.surefire.testng.TestNGDirectoryTestSuite.execute(TestNGDirectoryTestSuite.java:88)
at org.apache.maven.surefire.testng.TestNGProvider.invoke(TestNGProvider.java:137)
at org.apache.maven.surefire.booter.ForkedBooter.runSuitesInProcess(ForkedBooter.java:385)
at org.apache.maven.surefire.booter.ForkedBooter.execute(ForkedBooter.java:162)
at org.apache.maven.surefire.booter.ForkedBooter.run(ForkedBooter.java:507)
at org.apache.maven.surefire.booter.ForkedBooter.main(ForkedBooter.java:495)
]]>
            </full-stacktrace>
          </exception> <!-- org.openqa.selenium.TimeoutException -->
          <reporter-output>
          </reporter-output>
        </test-method> <!-- editEmployeeTest -->
        <test-method is-config="true" signature="tearDown()[pri:0, instance:com.employee.automation.tests.EditEmployeeTest@6580cfdd]" started-at="2026-07-18T09:24:01 IST" name="tearDown" finished-at="2026-07-18T09:24:01 IST" duration-ms="326" status="PASS">
          <reporter-output>
          </reporter-output>
        </test-method> <!-- tearDown -->
      </class> <!-- com.employee.automation.tests.EditEmployeeTest -->
      <class name="com.employee.automation.tests.SearchEmployeeTest">
        <test-method is-config="true" signature="setup()[pri:0, instance:com.employee.automation.tests.SearchEmployeeTest@9353778]" started-at="2026-07-18T09:24:24 IST" name="setup" finished-at="2026-07-18T09:24:25 IST" duration-ms="1541" status="PASS">
          <reporter-output>
          </reporter-output>
        </test-method> <!-- setup -->
        <test-method signature="searchEmployeeTest()[pri:0, instance:com.employee.automation.tests.SearchEmployeeTest@9353778]" started-at="2026-07-18T09:24:25 IST" name="searchEmployeeTest" finished-at="2026-07-18T09:24:31 IST" duration-ms="5724" status="PASS">
          <reporter-output>
          </reporter-output>
        </test-method> <!-- searchEmployeeTest -->
        <test-method is-config="true" signature="tearDown()[pri:0, instance:com.employee.automation.tests.SearchEmployeeTest@9353778]" started-at="2026-07-18T09:24:31 IST" name="tearDown" finished-at="2026-07-18T09:24:31 IST" duration-ms="282" status="PASS">
          <reporter-output>
          </reporter-output>
        </test-method> <!-- tearDown -->
      </class> <!-- com.employee.automation.tests.SearchEmployeeTest -->
      <class name="com.employee.automation.tests.EmployeeTest">
        <test-method is-config="true" signature="setup()[pri:0, instance:com.employee.automation.tests.EmployeeTest@7e0b85f9]" started-at="2026-07-18T09:24:01 IST" name="setup" finished-at="2026-07-18T09:24:03 IST" duration-ms="1684" status="PASS">
          <reporter-output>
          </reporter-output>
        </test-method> <!-- setup -->
        <test-method signature="addEmployeeTest()[pri:0, instance:com.employee.automation.tests.EmployeeTest@7e0b85f9]" started-at="2026-07-18T09:24:03 IST" name="addEmployeeTest" finished-at="2026-07-18T09:24:14 IST" duration-ms="11379" status="PASS">
          <reporter-output>
          </reporter-output>
        </test-method> <!-- addEmployeeTest -->
        <test-method is-config="true" signature="tearDown()[pri:0, instance:com.employee.automation.tests.EmployeeTest@7e0b85f9]" started-at="2026-07-18T09:24:14 IST" name="tearDown" finished-at="2026-07-18T09:24:14 IST" duration-ms="306" status="PASS">
          <reporter-output>
          </reporter-output>
        </test-method> <!-- tearDown -->
      </class> <!-- com.employee.automation.tests.EmployeeTest -->
      <class name="com.employee.automation.tests.LoginTest">
        <test-method is-config="true" signature="setup()[pri:0, instance:com.employee.automation.tests.LoginTest@63355449]" started-at="2026-07-18T09:24:14 IST" name="setup" finished-at="2026-07-18T09:24:16 IST" duration-ms="1590" status="PASS">
          <reporter-output>
          </reporter-output>
        </test-method> <!-- setup -->
        <test-method signature="adminLoginTest()[pri:0, instance:com.employee.automation.tests.LoginTest@63355449]" started-at="2026-07-18T09:24:16 IST" name="adminLoginTest" finished-at="2026-07-18T09:24:24 IST" duration-ms="7712" status="PASS">
          <reporter-output>
          </reporter-output>
        </test-method> <!-- adminLoginTest -->
        <test-method is-config="true" signature="tearDown()[pri:0, instance:com.employee.automation.tests.LoginTest@63355449]" started-at="2026-07-18T09:24:24 IST" name="tearDown" finished-at="2026-07-18T09:24:24 IST" duration-ms="307" status="PASS">
          <reporter-output>
          </reporter-output>
        </test-method> <!-- tearDown -->
      </class> <!-- com.employee.automation.tests.LoginTest -->
    </test> <!-- Surefire test -->
  </suite> <!-- Surefire suite -->
</testng-results>
