<?xml version="1.0" encoding="UTF-8"?>
<testsuite xmlns:xsi="http://www.w3.org/2001/XMLSchema-instance" xsi:noNamespaceSchemaLocation="https://maven.apache.org/surefire/maven-surefire-plugin/xsd/surefire-test-report.xsd" version="3.0.2" name="com.employee.automation.tests.EditEmployeeTest" time="35.16" tests="1" errors="0" skipped="0" failures="1">
  <properties>
[...]
</properties>
  <testcase name="editEmployeeTest" classname="com.employee.automation.tests.EditEmployeeTest" time="31.484">
    <failure message="Expected condition failed: waiting for element to be clickable: By.id: editEmployee (tried for 10 second(s) with 500 milliseconds interval)&#10;Build info: version: &apos;4.34.0&apos;, revision: &apos;707dcb4246*&apos;&#10;System info: os.name: &apos;Windows 11&apos;, os.arch: &apos;amd64&apos;, os.version: &apos;10.0&apos;, java.version: &apos;21.0.11&apos;&#10;Driver info: org.openqa.selenium.chrome.ChromeDriver&#10;Capabilities {acceptInsecureCerts: false, browserName: chrome, browserVersion: 150.0.7871.127, chrome: {chromedriverVersion: 150.0.7871.124 (9261fd0a595..., userDataDir: C:\Users\ASUSTU~1\AppData\L...}, fedcm:accounts: true, goog:chromeOptions: {debuggerAddress: localhost:62529}, goog:processID: 50772, networkConnectionEnabled: false, pageLoadStrategy: normal, platformName: windows, proxy: Proxy(), se:cdp: ws://localhost:62529/devtoo..., se:cdpVersion: 150.0.7871.127, setWindowRect: true, strictFileInteractability: false, timeouts: {implicit: 0, pageLoad: 300000, script: 30000}, unhandledPromptBehavior: dismiss and notify, webauthn:extension:credBlob: true, webauthn:extension:largeBlob: true, webauthn:extension:minPinLength: true, webauthn:extension:prf: true, webauthn:virtualAuthenticators: true}&#10;Session ID: 919f881bf3ac2aeeec150e0477a7ad4d" type="org.openqa.selenium.TimeoutException"><![CDATA[org.openqa.selenium.TimeoutException: 
Expected condition failed: waiting for element to be clickable: By.id: editEmployee (tried for 10 second(s) with 500 milliseconds interval)
Build info: version: '4.34.0', revision: '707dcb4246*'
System info: os.name: 'Windows 11', os.arch: 'amd64', os.version: '10.0', java.version: '21.0.11'
Driver info: org.openqa.selenium.chrome.ChromeDriver
Capabilities {acceptInsecureCerts: false, browserName: chrome, browserVersion: 150.0.7871.127, chrome: {chromedriverVersion: 150.0.7871.124 (9261fd0a595..., userDataDir: C:\Users\ASUSTU~1\AppData\L...}, fedcm:accounts: true, goog:chromeOptions: {debuggerAddress: localhost:62529}, goog:processID: 50772, networkConnectionEnabled: false, pageLoadStrategy: normal, platformName: windows, proxy: Proxy(), se:cdp: ws://localhost:62529/devtoo..., se:cdpVersion: 150.0.7871.127, setWindowRect: true, strictFileInteractability: false, timeouts: {implicit: 0, pageLoad: 300000, script: 30000}, unhandledPromptBehavior: dismiss and notify, webauthn:extension:credBlob: true, webauthn:extension:largeBlob: true, webauthn:extension:minPinLength: true, webauthn:extension:prf: true, webauthn:virtualAuthenticators: true}
Session ID: 919f881bf3ac2aeeec150e0477a7ad4d
	at org.openqa.selenium.support.ui.WebDriverWait.timeoutException(WebDriverWait.java:84)
	at org.openqa.selenium.support.ui.FluentWait.until(FluentWait.java:228)
	at com.employee.automation.pages.EmployeePage.clickEdit(EmployeePage.java:310)
	at com.employee.automation.tests.EditEmployeeTest.editEmployeeTest(EditEmployeeTest.java:37)
	at java.base/jdk.internal.reflect.DirectMethodHandleAccessor.invoke(DirectMethodHandleAccessor.java:103)
	at java.base/java.lang.reflect.Method.invoke(Method.java:580)
	at org.testng.internal.invokers.MethodInvocationHelper.invokeMethod(MethodInvocationHelper.java:141)
	at org.testng.internal.invokers.TestInvoker.invokeMethod(TestInvoker.java:687)
	at org.testng.internal.invokers.TestInvoker.invokeTestMethod(TestInvoker.java:230)
	at org.testng.internal.invokers.MethodRunner.runInSequence(MethodRunner.java:63)
	at org.testng.internal.invokers.TestInvoker$MethodInvocationAgent.invoke(TestInvoker.java:995)
	at org.testng.internal.invokers.TestInvoker.invokeTestMethods(TestInvoker.java:203)
	at org.testng.internal.invokers.TestMethodWorker.invokeTestMethods(TestMethodWorker.java:154)
	at org.testng.internal.invokers.TestMethodWorker.run(TestMethodWorker.java:134)
	at java.base/java.util.ArrayList.forEach(ArrayList.java:1596)
	at org.testng.TestRunner.privateRun(TestRunner.java:741)
	at org.testng.TestRunner.run(TestRunner.java:616)
	at org.testng.SuiteRunner.runTest(SuiteRunner.java:421)
	at org.testng.SuiteRunner.runSequentially(SuiteRunner.java:413)
	at org.testng.SuiteRunner.privateRun(SuiteRunner.java:373)
	at org.testng.SuiteRunner.run(SuiteRunner.java:312)
	at org.testng.SuiteRunnerWorker.runSuite(SuiteRunnerWorker.java:52)
	at org.testng.SuiteRunnerWorker.run(SuiteRunnerWorker.java:95)
	at org.testng.TestNG.runSuitesSequentially(TestNG.java:1274)
	at org.testng.TestNG.runSuitesLocally(TestNG.java:1208)
	at org.testng.TestNG.runSuites(TestNG.java:1112)
	at org.testng.TestNG.run(TestNG.java:1079)
	at org.apache.maven.surefire.testng.TestNGExecutor.run(TestNGExecutor.java:155)
	at org.apache.maven.surefire.testng.TestNGDirectoryTestSuite.executeSingleClass(TestNGDirectoryTestSuite.java:102)
	at org.apache.maven.surefire.testng.TestNGDirectoryTestSuite.execute(TestNGDirectoryTestSuite.java:91)
	at org.apache.maven.surefire.testng.TestNGProvider.invoke(TestNGProvider.java:137)
	at org.apache.maven.surefire.booter.ForkedBooter.runSuitesInProcess(ForkedBooter.java:385)
	at org.apache.maven.surefire.booter.ForkedBooter.execute(ForkedBooter.java:162)
	at org.apache.maven.surefire.booter.ForkedBooter.run(ForkedBooter.java:507)
	at org.apache.maven.surefire.booter.ForkedBooter.main(ForkedBooter.java:495)
]]></failure>
    <system-out><![CDATA[Login Successful
Current URL : http://localhost:5173/employees
Page Title : employee
Search Result Count : 1
Edit Button Count : 0
<html lang="en"><head>
    <script type="module">import { injectIntoGlobalHook } from "/@react-refresh";
injectIntoGlobalHook(window);
window.$RefreshReg$ = () => {};
window.$RefreshSig$ = () => (type) => type;</script>

    <script type="module" src="/@vite/client"></script>

    <meta charset="UTF-8">
    <link rel="icon" type="image/svg+xml" href="/favicon.svg">
    <meta name="viewport" content="width=device-width, initial-scale=1.0">
    <title>employee</title>
  <style type="text/css" data-vite-dev-id="C:/Users/Asus Tuf Gaming A15/OneDrive/Documents/front end training/Day 11-13/Employee/src/assets/css/Welcome.css">* {
  margin: 0;
  padding: 0;
  box-sizing: border-box;
  font-family: "Segoe UI", sans-serif;
}

body {
  background: #0f172a;
}

.welcome-container {
  width: 100%;
  min-height: 100vh;
  background: linear-gradient(135deg, #0f172a, #1e293b);
  color: white;
}

.overlay {
  width: 100%;
  min-height: 100vh;
  padding: 30px 8%;
}

/* Navbar */

.navbar {
  display: flex;
  justify-content: space-between;
  align-items: center;
}

.logo h2 {
  font-size: 32px;
  color: #ff9800;
}

.navbar ul {
  display: flex;
  gap: 35px;
  list-style: none;
}

.navbar ul li a {
  text-decoration: none;
  color: white;
  font-size: 17px;
  transition: .3s;
}

.navbar ul li a:hover {
  color: #ff9800;
}

/* Hero */

.hero {
  display: flex;
  justify-content: space-between;
  align-items: center;
  margin-top: 70px;
  gap: 60px;
}

.hero-left {
  flex: 1;
}

.hero-left h1 {
  font-size: 55px;
  line-height: 1.2;
}

.hero-left span {
  color: #ff9800;
}

.hero-left p {
  margin-top: 25px;
  color: #d1d5db;
  font-size: 18px;
  line-height: 30px;
}

/* Buttons */

.buttons {
  margin-top: 40px;
  display: flex;
  gap: 20px;
}

.admin-btn,
.employee-btn {
  text-decoration: none;
  padding: 15px 35px;
  border-radius: 10px;
  font-size: 18px;
  transition: .3s;
}

.admin-btn {
  background: #ff9800;
  color: white;
}

.employee-btn {
  border: 2px solid #ff9800;
  color: #ff9800;
}

.admin-btn:hover {
  background: #ff6f00;
  transform: translateY(-3px);
}

.employee-btn:hover {
  background: #ff9800;
  color: white;
  transform: translateY(-3px);
}

/* Right Card */

.hero-right {
  flex: 1;
  display: flex;
  justify-content: center;
}

.card {
  width: 100%;
  max-width: 420px;
  background: rgba(255,255,255,0.08);
  backdrop-filter: blur(12px);
  border-radius: 18px;
  padding: 35px;
  border: 1px solid rgba(255,255,255,0.15);
}

.card h2 {
  color: #ff9800;
  margin-bottom: 25px;
}

.card ul {
  list-style: none;
}

.card ul li {
  margin-bottom: 18px;
  font-size: 17px;
}

/* Features */

.features {
  margin-top: 100px;
}

.features h2 {
  text-align: center;
  font-size: 40px;
  margin-bottom: 50px;
}

.feature-grid {
  display: grid;
  grid-template-columns: repeat(auto-fit,minmax(220px,1fr));
  gap: 25px;
}

.feature-box {
  background: rgba(255,255,255,.08);
  border-radius: 15px;
  text-align: center;
  padding: 35px;
  transition: .3s;
  border: 1px solid rgba(255,255,255,.1);
  font-size: 45px;
}

.feature-box h3 {
  margin-top: 20px;
  font-size: 20px;
}

.feature-box:hover {
  background: #ff9800;
  color: white;
  transform: translateY(-10px);
}

/* Footer */

.footer {
  margin-top: 80px;
  text-align: center;
  padding: 25px;
  color: #cbd5e1;
  border-top: 1px solid rgba(255,255,255,.15);
}

/* Responsive */

@media(max-width:900px){

.hero{
flex-direction:column;
text-align:center;
}

.buttons{
justify-content:center;
flex-wrap:wrap;
}

.navbar{
flex-direction:column;
gap:20px;
}

.navbar ul{
flex-wrap:wrap;
justify-content:center;
}

.hero-left h1{
font-size:40px;
}

}</style><style type="text/css" data-vite-dev-id="C:/Users/Asus Tuf Gaming A15/OneDrive/Documents/front end training/Day 11-13/Employee/src/assets/css/Login.css">*{
    margin:0;
    padding:0;
    box-sizing:border-box;
    font-family:'Segoe UI',sans-serif;
}

body{
    background:#0f172a;
}

.login-container{
    width:100%;
    min-height:100vh;
    display:flex;
    justify-content:center;
    align-items:center;
    padding:20px;
    background:linear-gradient(135deg,#0f172a,#1e293b,#111827);
}

.login-card{
    width:420px;
    max-width:100%;
    background:rgba(255,255,255,0.08);
    backdrop-filter:blur(18px);
    border:1px solid rgba(255,255,255,.15);
    border-radius:20px;
    padding:40px 35px;
    text-align:center;
    box-shadow:0 20px 45px rgba(0,0,0,.35);
}

.login-logo{
    width:90px;
    height:90px;
    object-fit:contain;
    margin-bottom:15px;
}

.login-title{
    display:flex;
    justify-content:center;
    align-items:center;
    gap:10px;
    margin-bottom:8px;
}

.title-icon{
    font-size:28px;
    color:#ff9800;
}

.login-title h2{
    color:#fff;
    font-size:30px;
}

.subtitle{
    color:#cbd5e1;
    margin-bottom:30px;
    font-size:15px;
}

.input-group{
    position:relative;
    margin-bottom:22px;
}

.input-group input{
    width:100%;
    padding:14px 45px;
    border:none;
    outline:none;
    border-radius:10px;
    font-size:16px;
    background:rgba(255,255,255,.12);
    color:white;
}

.input-group input::placeholder{
    color:#d1d5db;
}

.input-icon{
    position:absolute;
    left:15px;
    top:50%;
    transform:translateY(-50%);
    color:#ff9800;
    font-size:18px;
}

.eye-icon{
    position:absolute;
    right:15px;
    top:50%;
    transform:translateY(-50%);
    cursor:pointer;
    color:#ff9800;
    font-size:18px;
}

.login-options{
    display:flex;
    justify-content:space-between;
    align-items:center;
    margin-bottom:25px;
    color:white;
    font-size:14px;
}

.login-options label{
    display:flex;
    align-items:center;
    gap:8px;
}

.login-options input[type="checkbox"]{
    cursor:pointer;
}

.forgot{
    color:#ff9800;
    cursor:pointer;
    transition:.3s;
}

.forgot:hover{
    text-decoration:underline;
}

.login-btn{
    width:100%;
    padding:15px;
    border:none;
    border-radius:10px;
    background:#ff9800;
    color:white;
    font-size:18px;
    font-weight:bold;
    cursor:pointer;
    transition:.3s;
}

.login-btn:hover{
    background:#f57c00;
    transform:translateY(-2px);
}

.bottom-text{
    margin-top:25px;
    color:#cbd5e1;
    font-size:14px;
}

/* Responsive */

@media(max-width:768px){

.login-card{
    width:100%;
    padding:30px 25px;
}

.login-title h2{
    font-size:24px;
}

.login-options{
    flex-direction:column;
    gap:12px;
}

}</style><style type="text/css" data-vite-dev-id="C:/Users/Asus Tuf Gaming A15/OneDrive/Documents/front end training/Day 11-13/Employee/src/assets/css/Sidebar.css">*{
    margin:0;
    padding:0;
    box-sizing:border-box;
    font-family:"Segoe UI",sans-serif;
}

.sidebar{
    width:260px;
    height:100vh;
    background:#111827;
    color:#fff;
    position:fixed;
    left:0;
    top:0;
    display:flex;
    flex-direction:column;
    justify-content:space-between;
    transition:.3s;
    box-shadow:5px 0 15px rgba(0,0,0,.2);
}

.sidebar.collapsed{
    width:80px;
}

.sidebar-header{
    display:flex;
    justify-content:space-between;
    align-items:center;
    padding:20px;
    border-bottom:1px solid rgba(255,255,255,.1);
}

.logo{
    color:#ff9800;
    font-size:24px;
    font-weight:bold;
}

.toggle-btn{
    border:none;
    background:none;
    color:white;
    font-size:22px;
    cursor:pointer;
}

.profile-section{
    display:flex;
    flex-direction:column;
    justify-content:center;
    align-items:center;
    padding:25px 15px;
    border-bottom:1px solid rgba(255,255,255,.08);
}

.profile-icon{
    font-size:70px;
    color:#ff9800;
}

.profile-section h3{
    margin-top:10px;
    font-size:18px;
}

.profile-section span{
    color:#bbb;
    font-size:14px;
}

.menu-list{
    list-style:none;
    flex:1;
    padding:20px 0;
}

.menu-list li{
    margin:8px 0;
}

.menu{
    display:flex;
    align-items:center;
    gap:18px;
    padding:15px 20px;
    text-decoration:none;
    color:#fff;
    transition:.3s;
}

.menu:hover{
    background:#ff9800;
    color:white;
}

.menu.active{
    background:#ff9800;
    color:white;
    border-left:5px solid white;
}

.icon{
    font-size:20px;
    min-width:25px;
    text-align:center;
}

.sidebar-footer{
    padding:20px;
    border-top:1px solid rgba(255,255,255,.1);
}

.logout-btn{
    width:100%;
    padding:14px;
    border:none;
    background:#dc2626;
    color:white;
    border-radius:8px;
    display:flex;
    align-items:center;
    justify-content:center;
    gap:10px;
    cursor:pointer;
    transition:.3s;
    font-size:16px;
}

.logout-btn:hover{
    background:#b91c1c;
}

.sidebar.collapsed .logo,
.sidebar.collapsed .profile-section h3,
.sidebar.collapsed .profile-section span,
.sidebar.collapsed .menu span,
.sidebar.collapsed .logout-btn span{
    display:none;
}

.sidebar.collapsed .menu{
    justify-content:center;
}

.sidebar.collapsed .logout-btn{
    justify-content:center;
}

@media(max-width:768px){

.sidebar{
    width:80px;
}

.sidebar .logo,
.sidebar .profile-section h3,
.sidebar .profile-section span,
.sidebar .menu span,
.sidebar .logout-btn span{
    display:none;
}

.menu{
    justify-content:center;
}

.logout-btn{
    justify-content:center;
}

}</style><style type="text/css" data-vite-dev-id="C:/Users/Asus Tuf Gaming A15/OneDrive/Documents/front end training/Day 11-13/Employee/src/assets/css/Navbar.css">/* =========================
   NAVBAR
========================= */

.navbar{

position:fixed;

top:0;

left:260px;

right:0;

height:80px;

background:white;

display:flex;

justify-content:space-between;

align-items:center;

padding:0 35px;

box-shadow:0 8px 30px rgba(0,0,0,.08);

z-index:999;

}

/* =========================
LEFT
========================= */

.navbar-left{

display:flex;

align-items:center;

gap:20px;

}

.menu-btn{

width:45px;

height:45px;

border:none;

background:#2563eb;

color:white;

border-radius:12px;

font-size:18px;

cursor:pointer;

transition:.3s;

}

.menu-btn:hover{

transform:scale(1.08);

}

.search-box{

display:flex;

align-items:center;

gap:12px;

background:#f5f7fb;

padding:12px 18px;

border-radius:30px;

width:420px;

}

.search-icon{

color:#64748b;

}

.search-box input{

border:none;

outline:none;

background:none;

width:100%;

font-size:15px;

}

/* =========================
RIGHT
========================= */

.navbar-right{

display:flex;

align-items:center;

gap:18px;

}

.icon-btn{

width:45px;

height:45px;

border:none;

background:#eef4ff;

color:#2563eb;

border-radius:12px;

cursor:pointer;

font-size:18px;

transition:.3s;

position:relative;

}

.icon-btn:hover{

background:#2563eb;

color:white;

transform:translateY(-2px);

}

.notification{

position:relative;

}

.badge{

position:absolute;

top:-5px;

right:-5px;

width:20px;

height:20px;

background:#ef4444;

color:white;

border-radius:50%;

font-size:11px;

display:flex;

align-items:center;

justify-content:center;

font-weight:bold;

}

/* =========================
PROFILE
========================= */

.profile{

display:flex;

align-items:center;

gap:12px;

cursor:pointer;

padding:8px 14px;

border-radius:15px;

transition:.3s;

}

.profile:hover{

background:#f8fafc;

}

.profile-icon{

font-size:46px;

color:#2563eb;

}

.profile h4{

margin:0;

font-size:15px;

font-weight:600;

color:#0f172a;

}

.profile p{

margin:3px 0 0;

font-size:12px;

color:#64748b;

}

/* =========================
RESPONSIVE
========================= */

@media(max-width:992px){

.navbar{

left:80px;

}

.search-box{

width:250px;

}

}

@media(max-width:768px){

.navbar{

left:0;

padding:0 15px;

}

.search-box{

display:none;

}

}</style><style type="text/css" data-vite-dev-id="C:/Users/Asus Tuf Gaming A15/OneDrive/Documents/front end training/Day 11-13/Employee/src/assets/css/Layout.css">/* ===========================
   MAIN LAYOUT
=========================== */

.layout{
    display:flex;
    background:#eef4ff;
    min-height:100vh;
}

/* ===========================
   CONTENT AREA
=========================== */

.main-container{
    flex:1;
    margin-left:260px;
    transition:.3s;
}

/* ===========================
   PAGE CONTENT
=========================== */

.page-content{
    padding:30px;
    margin-top:90px;
    min-height:calc(100vh - 90px);

    background:linear-gradient(
        135deg,
        #eef4ff,
        #f8fbff
    );
}

/* ===========================
   CUSTOM SCROLLBAR
=========================== */

.page-content::-webkit-scrollbar{
    width:8px;
}

.page-content::-webkit-scrollbar-thumb{
    background:#2563eb;
    border-radius:20px;
}

/* ===========================
   RESPONSIVE
=========================== */

@media(max-width:992px){

.main-container{

margin-left:80px;

}

.page-content{

padding:20px;

}

}

@media(max-width:768px){

.main-container{

margin-left:0;

}

.page-content{

padding:15px;
margin-top:80px;

}

}</style><style type="text/css" data-vite-dev-id="C:/Users/Asus Tuf Gaming A15/OneDrive/Documents/front end training/Day 11-13/Employee/src/assets/css/Cards.css">.cards{

display:grid;

grid-template-columns:repeat(4,1fr);

gap:20px;

margin-top:25px;

}

.card{

background:white;

padding:25px;

border-radius:15px;

box-shadow:0 10px 25px rgba(0,0,0,.08);

transition:.3s;

}

.card:hover{

transform:translateY(-8px);

}

.top{

display:flex;

justify-content:space-between;

align-items:center;

}

.icon{

font-size:35px;

color:#2563EB;

}

.card p{

margin-top:20px;

font-weight:bold;

color:#555;

}</style><style type="text/css" data-vite-dev-id="C:/Users/Asus Tuf Gaming A15/OneDrive/Documents/front end training/Day 11-13/Employee/src/assets/css/RecentEmployees.css">.recent-card{

background:#fff;

margin-top:30px;

padding:25px;

border-radius:20px;

box-shadow:0 10px 30px rgba(0,0,0,.08);

overflow:auto;

}

.recent-header{

display:flex;

justify-content:space-between;

align-items:center;

margin-bottom:20px;

}

.recent-header h2{

margin:0;

font-size:24px;

color:#1e293b;

}

.view-all-btn{

background:#2563eb;

color:#fff;

border:none;

padding:10px 20px;

border-radius:10px;

cursor:pointer;

font-weight:600;

transition:.3s;

}

.view-all-btn:hover{

background:#1d4ed8;

}

.recent-table{

width:100%;

border-collapse:collapse;

}

.recent-table th{

background:#f8fafc;

padding:16px;

text-align:left;

font-size:15px;

color:#475569;

}

.recent-table td{

padding:18px 16px;

border-bottom:1px solid #e2e8f0;

}

.recent-table tr:hover{

background:#f8fbff;

}

.employee-info{

display:flex;

align-items:center;

gap:15px;

}

.employee-avatar{

width:50px;

height:50px;

border-radius:50%;

object-fit:cover;

}

.employee-info h4{

margin:0;

font-size:16px;

}

.employee-info p{

margin-top:4px;

font-size:13px;

color:#64748b;

}

.status{

padding:6px 14px;

border-radius:30px;

font-size:13px;

font-weight:600;

}

.active{

background:#dcfce7;

color:#15803d;

}

.inactive{

background:#fee2e2;

color:#dc2626;

}

.view-btn{

display:flex;

align-items:center;

gap:8px;

padding:8px 15px;

border:none;

background:#2563eb;

color:white;

border-radius:8px;

cursor:pointer;

transition:.3s;

}

.view-btn:hover{

background:#1d4ed8;

transform:translateY(-2px);

}</style><style type="text/css" data-vite-dev-id="C:/Users/Asus Tuf Gaming A15/OneDrive/Documents/front end training/Day 11-13/Employee/src/assets/css/Employee.css">/* ===========================================
   EMPLOYEE PAGE
=========================================== */

.employee-page{

padding:10px;

}

/* ===========================================
   TOP HEADER
=========================================== */

.employee-top{

display:flex;

justify-content:space-between;

align-items:center;

margin-bottom:25px;

}

.employee-top h1{

font-size:32px;

color:#1e293b;

margin:0;

font-weight:700;

}

.employee-top p{

margin-top:8px;

color:#64748b;

font-size:15px;

}

/* ===========================================
   ADD BUTTON
=========================================== */

.add-btn{

display:flex;

align-items:center;

gap:10px;

padding:14px 22px;

background:linear-gradient(135deg,#2563eb,#4f46e5);

color:white;

border:none;

border-radius:12px;

font-size:15px;

font-weight:600;

cursor:pointer;

transition:.3s;

box-shadow:0 8px 20px rgba(37,99,235,.25);

}

.add-btn:hover{

transform:translateY(-3px);

}

/* ===========================================
   TOOLBAR
=========================================== */

.toolbar{

display:flex;

justify-content:space-between;

align-items:center;

gap:20px;

background:white;

padding:20px;

border-radius:18px;

margin-bottom:25px;

box-shadow:0 10px 30px rgba(0,0,0,.06);

}

/* ===========================================
SEARCH
=========================================== */

.search-box-employee{

display:flex;

align-items:center;

gap:12px;

background:#f8fafc;

padding:14px 18px;

border-radius:12px;

width:420px;

}

.search-box-employee svg{

color:#2563eb;

font-size:18px;

}

.search-box-employee input{

border:none;

outline:none;

background:none;

width:100%;

font-size:15px;

}

/* ===========================================
FILTER
=========================================== */

.toolbar select{

padding:13px 18px;

border:1px solid #dbeafe;

border-radius:10px;

outline:none;

font-size:15px;

background:white;

cursor:pointer;

}

/* ===========================================
REFRESH BUTTON
=========================================== */

.refresh-btn{

display:flex;

align-items:center;

gap:10px;

padding:13px 22px;

border:none;

background:#16a34a;

color:white;

border-radius:10px;

cursor:pointer;

font-size:15px;

font-weight:600;

transition:.3s;

}

.refresh-btn:hover{

background:#15803d;

}

/* ===========================================
SUMMARY CARDS
=========================================== */

.employee-summary{

display:grid;

grid-template-columns:repeat(3,1fr);

gap:20px;

margin-bottom:30px;

}

.summary-card{

background:white;

padding:25px;

border-radius:18px;

box-shadow:0 10px 30px rgba(0,0,0,.05);

transition:.3s;

}

.summary-card:hover{

transform:translateY(-6px);

}

.summary-card h2{

margin:0;

font-size:34px;

color:#2563eb;

}

.summary-card p{

margin-top:10px;

color:#64748b;

font-size:15px;

}

/* ===========================================
TABLE CONTAINER
=========================================== */

.employee-table-container{

background:white;

border-radius:20px;

padding:20px;

box-shadow:0 10px 30px rgba(0,0,0,.06);

overflow:auto;

}

/* ===========================================
TABLE
=========================================== */

.employee-table{

width:100%;

border-collapse:collapse;

}

.employee-table th{

background:#f8fafc;

padding:18px;

font-size:15px;

text-align:left;

color:#475569;

}

.employee-table td{

padding:18px;

border-bottom:1px solid #e2e8f0;

}

.employee-table tr:hover{

background:#f8fbff;

}

/* ===========================================
EMPLOYEE INFO
=========================================== */

.employee-info{

display:flex;

align-items:center;

gap:15px;

}

.employee-avatar{

width:55px;

height:55px;

border-radius:50%;

object-fit:cover;

border:3px solid #dbeafe;

}

.employee-info h4{

margin:0;

font-size:16px;

color:#0f172a;

}

.employee-info p{

margin-top:5px;

font-size:13px;

color:#64748b;

}

/* ===========================================
STATUS
=========================================== */

.status{

padding:7px 15px;

border-radius:30px;

font-size:13px;

font-weight:600;

}

.active{

background:#dcfce7;

color:#15803d;

}

.inactive{

background:#fee2e2;

color:#dc2626;

}

/* ===========================================
ACTION BUTTONS
=========================================== */

.action-buttons{

display:flex;

gap:10px;

}

.action-buttons button{

display:flex;

align-items:center;

gap:8px;

padding:10px 15px;

border:none;

border-radius:10px;

cursor:pointer;

font-size:14px;

font-weight:600;

transition:.3s;

}

.view-btn{

background:#2563eb;

color:white;

}

.edit-btn{

background:#f59e0b;

color:white;

}

.delete-btn{

background:#ef4444;

color:white;

}

.action-buttons button:hover{

transform:translateY(-2px);

}

/* ===========================================
LOADING
=========================================== */

.loading{

padding:60px;

text-align:center;

font-size:18px;

font-weight:600;

color:#2563eb;

}

/* ===========================================
RESPONSIVE
=========================================== */

@media(max-width:992px){

.employee-summary{

grid-template-columns:1fr;

}

.toolbar{

flex-direction:column;

align-items:stretch;

}

.search-box-employee{

width:100%;

}

}

@media(max-width:768px){

.employee-top{

flex-direction:column;

align-items:flex-start;

gap:20px;

}

.action-buttons{

flex-wrap:wrap;

}

}</style><style type="text/css" data-vite-dev-id="C:/Users/Asus Tuf Gaming A15/OneDrive/Documents/front end training/Day 11-13/Employee/src/assets/css/EmployeeModal.css">.modal-overlay{

position:fixed;

inset:0;

background:rgba(0,0,0,.45);

display:flex;

justify-content:center;

align-items:center;

z-index:2000;

}

.modal-box{

width:850px;

max-width:95%;

background:white;

border-radius:20px;

padding:30px;

box-shadow:0 20px 60px rgba(0,0,0,.2);

animation:popup .25s ease;

}

@keyframes popup{

from{

opacity:0;

transform:scale(.9);

}

to{

opacity:1;

transform:scale(1);

}

}

.modal-header{

display:flex;

justify-content:space-between;

align-items:center;

margin-bottom:25px;

}

.modal-header h2{

margin:0;

color:#1e293b;

}

.close-btn{

border:none;

background:none;

font-size:20px;

cursor:pointer;

}

.form-grid{

display:grid;

grid-template-columns:repeat(2,1fr);

gap:18px;

}

.form-grid input,
.form-grid select{

padding:14px;

border:1px solid #dbeafe;

border-radius:10px;

outline:none;

font-size:15px;

}

.modal-footer{

display:flex;

justify-content:flex-end;

gap:15px;

margin-top:30px;

}

.cancel-btn{

padding:12px 20px;

background:#e5e7eb;

border:none;

border-radius:10px;

cursor:pointer;

}

.save-btn{

padding:12px 22px;

background:#2563eb;

color:white;

border:none;

border-radius:10px;

cursor:pointer;

font-weight:600;

}

.save-btn:hover{

background:#1d4ed8;

}</style><style type="text/css" data-vite-dev-id="C:/Users/Asus Tuf Gaming A15/OneDrive/Documents/front end training/Day 11-13/Employee/src/assets/css/Attendance.css">/* ========================= */
/* Attendance Page */
/* ========================= */

.attendance-page{
    display:flex;
    flex-direction:column;
    gap:25px;
}

/* Header */

.attendance-header{
    display:flex;
    justify-content:space-between;
    align-items:center;
    flex-wrap:wrap;
}

.attendance-header h1{
    font-size:34px;
    color:#1E293B;
}

.attendance-header p{
    color:#64748B;
    margin-top:8px;
}

/* Cards */

.attendance-cards{
    display:grid;
    grid-template-columns:repeat(4,1fr);
    gap:25px;
}

.attendance-card{
    background:#fff;
    border-radius:18px;
    padding:25px;
    box-shadow:0 12px 30px rgba(0,0,0,.08);
    transition:.35s;
}

.attendance-card:hover{
    transform:translateY(-8px);
    box-shadow:0 18px 35px rgba(37,99,235,.15);
}

.attendance-card h4{
    color:#64748B;
    font-size:15px;
    margin-bottom:12px;
}

.attendance-card h2{
    font-size:34px;
    color:#2563EB;
}

/* Toolbar */

.attendance-toolbar{
    display:flex;
    justify-content:space-between;
    align-items:center;
    flex-wrap:wrap;
    gap:15px;
    background:#fff;
    padding:20px;
    border-radius:18px;
    box-shadow:0 10px 25px rgba(0,0,0,.08);
}

.search-box{
    flex:1;
}

.search-box input{
    width:100%;
    padding:14px 18px;
    border:1px solid #CBD5E1;
    border-radius:10px;
    font-size:15px;
    outline:none;
}

.search-box input:focus{
    border-color:#2563EB;
}

.date-box input{
    padding:13px 15px;
    border-radius:10px;
    border:1px solid #CBD5E1;
}

/* Table */

.table-container{
    background:#fff;
    border-radius:18px;
    overflow:hidden;
    box-shadow:0 12px 30px rgba(0,0,0,.08);
}

.attendance-table{
    width:100%;
    border-collapse:collapse;
}

.attendance-table thead{
    background:#2563EB;
    color:#fff;
}

.attendance-table th{
    padding:18px;
    text-align:left;
}

.attendance-table td{
    padding:18px;
    border-bottom:1px solid #E2E8F0;
}

.attendance-table tbody tr:hover{
    background:#F8FAFC;
}

/* Status */

.status{
    padding:8px 16px;
    border-radius:30px;
    font-size:13px;
    font-weight:600;
}

.present{
    background:#DCFCE7;
    color:#15803D;
}

.absent{
    background:#FEE2E2;
    color:#DC2626;
}

.leave{
    background:#FEF3C7;
    color:#B45309;
}

/* Responsive */

@media(max-width:1000px){

.attendance-cards{
grid-template-columns:repeat(2,1fr);
}

}

@media(max-width:700px){

.attendance-cards{
grid-template-columns:1fr;
}

.attendance-toolbar{
flex-direction:column;
align-items:stretch;
}

.attendance-table{
font-size:13px;
}

}</style><style type="text/css" data-vite-dev-id="C:/Users/Asus Tuf Gaming A15/OneDrive/Documents/front end training/Day 11-13/Employee/src/assets/css/Profile.css">/* ========================= */
/* Page Wrapper */
/* ========================= */

.profile-page {
  display: flex;
  justify-content: center;
  padding: 40px;
  background: #f1f5f9;
  min-height: calc(100vh - 80px);
}

.profile-card {
  width: 100%;
  max-width: 1000px;
  background: #fff;
  border-radius: 20px;
  overflow: hidden;
  box-shadow: 0 15px 40px rgba(0, 0, 0, 0.08);
}

/* ========================= */
/* Top Header (Gradient) */
/* ========================= */

.profile-top {
  position: relative;
  background: linear-gradient(135deg, #0f172a, #1e3a8a, #2563eb);
  padding: 70px 30px 50px;
  text-align: center;
  color: white;
  overflow: hidden;
}

.profile-top::before {
  content: "";
  position: absolute;
  width: 350px;
  height: 350px;
  background: rgba(255, 255, 255, 0.08);
  border-radius: 50%;
  top: -180px;
  right: -120px;
}

.profile-top::after {
  content: "";
  position: absolute;
  width: 250px;
  height: 250px;
  background: rgba(255, 255, 255, 0.05);
  border-radius: 50%;
  bottom: -120px;
  left: -80px;
}

.back-button {
  position: absolute;
  top: 25px;
  left: 25px;
  border: none;
  background: rgba(255, 255, 255, 0.18);
  color: white;
  backdrop-filter: blur(10px);
  padding: 10px 18px;
  border-radius: 10px;
  cursor: pointer;
  font-size: 15px;
  font-weight: 500;
  transition: 0.3s;
  z-index: 2;
}

.back-button:hover {
  background: white;
  color: #2563eb;
  transform: translateX(-3px);
}

.profile-img {
  position: relative;
  z-index: 2;
  width: 130px;
  height: 130px;
  border-radius: 50%;
  object-fit: cover;
  border: 4px solid rgba(255, 255, 255, 0.7);
  box-shadow: 0 10px 25px rgba(0, 0, 0, 0.25);
}

.employee-name {
  position: relative;
  z-index: 2;
  margin-top: 20px;
  margin-bottom: 0;
  font-size: 34px;
  font-weight: 700;
  letter-spacing: 0.5px;
}

.employee-designation {
  position: relative;
  z-index: 2;
  margin-top: 6px;
  font-size: 17px;
  color: rgba(255, 255, 255, 0.85);
}

.status-badge {
  position: relative;
  z-index: 2;
  margin: 22px 8px 0 0;
  display: inline-flex;
  align-items: center;
  gap: 10px;
  background: rgba(255, 255, 255, 0.18);
  backdrop-filter: blur(12px);
  padding: 12px 24px;
  border-radius: 40px;
  font-weight: 600;
  border: 1px solid rgba(255, 255, 255, 0.25);
  vertical-align: middle;
}

.status-dot {
  width: 10px;
  height: 10px;
  background: #22c55e;
  border-radius: 50%;
  box-shadow: 0 0 10px #22c55e;
}

.employee-id-card {
  position: relative;
  z-index: 2;
  margin: 22px 0 0 8px;
  display: inline-flex;
  align-items: center;
  gap: 6px;
  background: white;
  color: #1e3a8a;
  padding: 12px 22px;
  border-radius: 12px;
  font-size: 15px;
  font-weight: 500;
  box-shadow: 0 10px 25px rgba(0, 0, 0, 0.2);
  vertical-align: middle;
}

.employee-id-card p {
  margin: 0;
  font-weight: 700;
}

/* ========================= */
/* Statistics Cards */
/* ========================= */

.profile-stats {
  display: grid;
  grid-template-columns: repeat(4, 1fr);
  gap: 25px;
  padding: 35px 40px 10px;
}

.stat-card {
  background: white;
  border-radius: 18px;
  padding: 28px;
  text-align: center;
  box-shadow: 0 15px 35px rgba(0, 0, 0, 0.08);
  transition: 0.35s;
  border-top: 5px solid #2563eb;
}

.stat-card:hover {
  transform: translateY(-8px);
  box-shadow: 0 20px 40px rgba(37, 99, 235, 0.18);
}

.stat-card h5 {
  color: #64748b;
  font-size: 14px;
  margin: 0 0 15px;
  font-weight: 600;
  text-transform: uppercase;
  letter-spacing: 0.5px;
}

.stat-card h2 {
  color: #1e293b;
  font-size: 28px;
  font-weight: 700;
  margin: 0;
}

/* ========================= */
/* Info Sections */
/* ========================= */

.profile-details {
  padding: 10px 40px 40px;
  display: grid;
  grid-template-columns: repeat(2, 1fr);
  gap: 25px;
}

.info-card {
  background: #f8fafc;
  border-radius: 16px;
  padding: 26px 28px;
  border: 1px solid #e2e8f0;
}

.info-card h3 {
  margin: 0 0 20px;
  font-size: 18px;
  font-weight: 700;
  color: #1e293b;
  display: flex;
  align-items: center;
  gap: 8px;
  padding-bottom: 14px;
  border-bottom: 1px solid #e2e8f0;
}

.detail-item {
  display: flex;
  justify-content: space-between;
  align-items: center;
  padding: 12px 0;
  border-bottom: 1px solid #e2e8f0;
}

.detail-item:last-child {
  border-bottom: none;
  padding-bottom: 0;
}

.detail-item span,
.detail-item label {
  color: #64748b;
  font-size: 14px;
  font-weight: 500;
}

.detail-item p {
  margin: 0;
  color: #1e293b;
  font-size: 15px;
  font-weight: 600;
  text-align: right;
}

/* ========================= */
/* Responsive */
/* ========================= */

@media (max-width: 900px) {
  .profile-stats {
    grid-template-columns: repeat(2, 1fr);
  }

  .profile-details {
    grid-template-columns: 1fr;
  }
}

@media (max-width: 600px) {
  .profile-stats {
    grid-template-columns: 1fr;
  }

  .profile-top {
    padding: 60px 20px 40px;
  }

  .profile-img {
    width: 110px;
    height: 110px;
  }

  .employee-name {
    font-size: 26px;
  }

  .status-badge,
  .employee-id-card {
    display: flex;
    width: fit-content;
    margin-left: auto;
    margin-right: auto;
  }

  .detail-item {
    flex-direction: column;
    align-items: flex-start;
    gap: 4px;
  }

  .detail-item p {
    text-align: left;
  }
  /* ========================= */
/* Performance Section */
/* ========================= */

.performance-card{

margin:20px 40px 40px;

background:#fff;

padding:30px;

border-radius:20px;

box-shadow:0 15px 35px rgba(0,0,0,.08);

}

.performance-card h2{

margin-bottom:30px;

color:#2563EB;

}

.performance-grid{

display:grid;

grid-template-columns:repeat(4,1fr);

gap:25px;

}

.performance-box{

background:#F8FAFC;

padding:25px;

border-radius:15px;

text-align:center;

transition:.3s;

}

.performance-box:hover{

transform:translateY(-6px);

box-shadow:0 15px 25px rgba(37,99,235,.12);

}

.performance-box h4{

color:#64748B;

margin-bottom:15px;

}

.performance-box h3{

font-size:28px;

color:#1E293B;

}

.progress{

height:10px;

background:#E2E8F0;

border-radius:20px;

overflow:hidden;

margin:15px 0;

}

.progress-bar{

height:100%;

background:linear-gradient(90deg,#22C55E,#16A34A);

border-radius:20px;

}

.performance-box span{

font-weight:bold;

color:#16A34A;

}

@media(max-width:900px){

.performance-grid{

grid-template-columns:repeat(2,1fr);

}

}

@media(max-width:600px){

.performance-grid{

grid-template-columns:1fr;

}

}
/* ========================= */
/* Profile Tabs */
/* ========================= */

.profile-tabs{
display:flex;
justify-content:center;
gap:15px;
padding:30px 40px 10px;
flex-wrap:wrap;
}

.tab{
padding:12px 24px;
border:none;
background:#E2E8F0;
border-radius:10px;
font-size:15px;
font-weight:600;
cursor:pointer;
transition:.3s;
}

.tab:hover{
background:#CBD5E1;
}

.active-tab{
background:#2563EB;
color:white;
}

.coming-soon{
margin:40px;
padding:60px;
background:white;
border-radius:18px;
text-align:center;
box-shadow:0 15px 30px rgba(0,0,0,.08);
}

.coming-soon h2{
margin-bottom:15px;
color:#2563EB;
}

.coming-soon p{
color:#64748B;
font-size:16px;
}
}</style><style type="text/css" data-vite-dev-id="C:/Users/Asus Tuf Gaming A15/OneDrive/Documents/front end training/Day 11-13/Employee/src/assets/css/Global.css">* {
    margin: 0;
    padding: 0;
    box-sizing: border-box;
    font-family: "Segoe UI", sans-serif;
}

body {
    background: #f5f7fb;
}

a {
    text-decoration: none;
}

button {
    cursor: pointer;
    transition: 0.3s;
}

input {
    outline: none;
}</style></head>
  <body>
    <div id="root"><div class="layout"><div class="sidebar"><div class="sidebar-header"><h2 class="logo">HRMS Pro</h2><button class="toggle-btn"><svg stroke="currentColor" fill="currentColor" stroke-width="0" viewBox="0 0 352 512" height="1em" width="1em" xmlns="http://www.w3.org/2000/svg"><path d="M242.72 256l100.07-100.07c12.28-12.28 12.28-32.19 0-44.48l-22.24-22.24c-12.28-12.28-32.19-12.28-44.48 0L176 189.28 75.93 89.21c-12.28-12.28-32.19-12.28-44.48 0L9.21 111.45c-12.28 12.28-12.28 32.19 0 44.48L109.28 256 9.21 356.07c-12.28 12.28-12.28 32.19 0 44.48l22.24 22.24c12.28 12.28 32.2 12.28 44.48 0L176 322.72l100.07 100.07c12.28 12.28 32.2 12.28 44.48 0l22.24-22.24c12.28-12.28 12.28-32.19 0-44.48L242.72 256z"></path></svg></button></div><div class="profile-section"><svg stroke="currentColor" fill="currentColor" stroke-width="0" viewBox="0 0 496 512" class="profile-icon" height="1em" width="1em" xmlns="http://www.w3.org/2000/svg"><path d="M248 8C111 8 0 119 0 256s111 248 248 248 248-111 248-248S385 8 248 8zm0 96c48.6 0 88 39.4 88 88s-39.4 88-88 88-88-39.4-88-88 39.4-88 88-88zm0 344c-58.7 0-111.3-26.6-146.5-68.2 18.8-35.4 55.6-59.8 98.5-59.8 2.4 0 4.8.4 7.1 1.1 13 4.2 26.6 6.9 40.9 6.9 14.3 0 28-2.7 40.9-6.9 2.3-.7 4.7-1.1 7.1-1.1 42.9 0 79.7 24.4 98.5 59.8C359.3 421.4 306.7 448 248 448z"></path></svg><h3>Administrator</h3><span>HR Manager</span></div><ul class="menu-list"><li><a class="menu" href="/admin/dashboard" data-discover="true"><span class="icon"><svg stroke="currentColor" fill="currentColor" stroke-width="0" viewBox="0 0 576 512" height="1em" width="1em" xmlns="http://www.w3.org/2000/svg"><path d="M288 32C128.94 32 0 160.94 0 320c0 52.8 14.25 102.26 39.06 144.8 5.61 9.62 16.3 15.2 27.44 15.2h443c11.14 0 21.83-5.58 27.44-15.2C561.75 422.26 576 372.8 576 320c0-159.06-128.94-288-288-288zm0 64c14.71 0 26.58 10.13 30.32 23.65-1.11 2.26-2.64 4.23-3.45 6.67l-9.22 27.67c-5.13 3.49-10.97 6.01-17.64 6.01-17.67 0-32-14.33-32-32S270.33 96 288 96zM96 384c-17.67 0-32-14.33-32-32s14.33-32 32-32 32 14.33 32 32-14.33 32-32 32zm48-160c-17.67 0-32-14.33-32-32s14.33-32 32-32 32 14.33 32 32-14.33 32-32 32zm246.77-72.41l-61.33 184C343.13 347.33 352 364.54 352 384c0 11.72-3.38 22.55-8.88 32H232.88c-5.5-9.45-8.88-20.28-8.88-32 0-33.94 26.5-61.43 59.9-63.59l61.34-184.01c4.17-12.56 17.73-19.45 30.36-15.17 12.57 4.19 19.35 17.79 15.17 30.36zm14.66 57.2l15.52-46.55c3.47-1.29 7.13-2.23 11.05-2.23 17.67 0 32 14.33 32 32s-14.33 32-32 32c-11.38-.01-20.89-6.28-26.57-15.22zM480 384c-17.67 0-32-14.33-32-32s14.33-32 32-32 32 14.33 32 32-14.33 32-32 32z"></path></svg></span><span>Dashboard</span></a></li><li><a aria-current="page" class="menu active" href="/employees" data-discover="true"><span class="icon"><svg stroke="currentColor" fill="currentColor" stroke-width="0" viewBox="0 0 640 512" height="1em" width="1em" xmlns="http://www.w3.org/2000/svg"><path d="M96 224c35.3 0 64-28.7 64-64s-28.7-64-64-64-64 28.7-64 64 28.7 64 64 64zm448 0c35.3 0 64-28.7 64-64s-28.7-64-64-64-64 28.7-64 64 28.7 64 64 64zm32 32h-64c-17.6 0-33.5 7.1-45.1 18.6 40.3 22.1 68.9 62 75.1 109.4h66c17.7 0 32-14.3 32-32v-32c0-35.3-28.7-64-64-64zm-256 0c61.9 0 112-50.1 112-112S381.9 32 320 32 208 82.1 208 144s50.1 112 112 112zm76.8 32h-8.3c-20.8 10-43.9 16-68.5 16s-47.6-6-68.5-16h-8.3C179.6 288 128 339.6 128 403.2V432c0 26.5 21.5 48 48 48h288c26.5 0 48-21.5 48-48v-28.8c0-63.6-51.6-115.2-115.2-115.2zm-223.7-13.4C161.5 263.1 145.6 256 128 256H64c-35.3 0-64 28.7-64 64v32c0 17.7 14.3 32 32 32h65.9c6.3-47.4 34.9-87.3 75.2-109.4z"></path></svg></span><span>Employees</span></a></li><li><a class="menu" href="/departments" data-discover="true"><span class="icon"><svg stroke="currentColor" fill="currentColor" stroke-width="0" viewBox="0 0 448 512" height="1em" width="1em" xmlns="http://www.w3.org/2000/svg"><path d="M436 480h-20V24c0-13.255-10.745-24-24-24H56C42.745 0 32 10.745 32 24v456H12c-6.627 0-12 5.373-12 12v20h448v-20c0-6.627-5.373-12-12-12zM128 76c0-6.627 5.373-12 12-12h40c6.627 0 12 5.373 12 12v40c0 6.627-5.373 12-12 12h-40c-6.627 0-12-5.373-12-12V76zm0 96c0-6.627 5.373-12 12-12h40c6.627 0 12 5.373 12 12v40c0 6.627-5.373 12-12 12h-40c-6.627 0-12-5.373-12-12v-40zm52 148h-40c-6.627 0-12-5.373-12-12v-40c0-6.627 5.373-12 12-12h40c6.627 0 12 5.373 12 12v40c0 6.627-5.373 12-12 12zm76 160h-64v-84c0-6.627 5.373-12 12-12h40c6.627 0 12 5.373 12 12v84zm64-172c0 6.627-5.373 12-12 12h-40c-6.627 0-12-5.373-12-12v-40c0-6.627 5.373-12 12-12h40c6.627 0 12 5.373 12 12v40zm0-96c0 6.627-5.373 12-12 12h-40c-6.627 0-12-5.373-12-12v-40c0-6.627 5.373-12 12-12h40c6.627 0 12 5.373 12 12v40zm0-96c0 6.627-5.373 12-12 12h-40c-6.627 0-12-5.373-12-12V76c0-6.627 5.373-12 12-12h40c6.627 0 12 5.373 12 12v40z"></path></svg></span><span>Departments</span></a></li><li><a class="menu" href="/attendance" data-discover="true"><span class="icon"><svg stroke="currentColor" fill="currentColor" stroke-width="0" viewBox="0 0 448 512" height="1em" width="1em" xmlns="http://www.w3.org/2000/svg"><path d="M436 160H12c-6.627 0-12-5.373-12-12v-36c0-26.51 21.49-48 48-48h48V12c0-6.627 5.373-12 12-12h40c6.627 0 12 5.373 12 12v52h128V12c0-6.627 5.373-12 12-12h40c6.627 0 12 5.373 12 12v52h48c26.51 0 48 21.49 48 48v36c0 6.627-5.373 12-12 12zM12 192h424c6.627 0 12 5.373 12 12v260c0 26.51-21.49 48-48 48H48c-26.51 0-48-21.49-48-48V204c0-6.627 5.373-12 12-12zm333.296 95.947l-28.169-28.398c-4.667-4.705-12.265-4.736-16.97-.068L194.12 364.665l-45.98-46.352c-4.667-4.705-12.266-4.736-16.971-.068l-28.397 28.17c-4.705 4.667-4.736 12.265-.068 16.97l82.601 83.269c4.667 4.705 12.265 4.736 16.97.068l142.953-141.805c4.705-4.667 4.736-12.265.068-16.97z"></path></svg></span><span>Attendance</span></a></li><li><a class="menu" href="/leave" data-discover="true"><span class="icon"><svg stroke="currentColor" fill="currentColor" stroke-width="0" viewBox="0 0 640 512" height="1em" width="1em" xmlns="http://www.w3.org/2000/svg"><path d="M624 448H16c-8.84 0-16 7.16-16 16v32c0 8.84 7.16 16 16 16h608c8.84 0 16-7.16 16-16v-32c0-8.84-7.16-16-16-16zM80.55 341.27c6.28 6.84 15.1 10.72 24.33 10.71l130.54-.18a65.62 65.62 0 0 0 29.64-7.12l290.96-147.65c26.74-13.57 50.71-32.94 67.02-58.31 18.31-28.48 20.3-49.09 13.07-63.65-7.21-14.57-24.74-25.27-58.25-27.45-29.85-1.94-59.54 5.92-86.28 19.48l-98.51 49.99-218.7-82.06a17.799 17.799 0 0 0-18-1.11L90.62 67.29c-10.67 5.41-13.25 19.65-5.17 28.53l156.22 98.1-103.21 52.38-72.35-36.47a17.804 17.804 0 0 0-16.07.02L9.91 230.22c-10.44 5.3-13.19 19.12-5.57 28.08l76.21 82.97z"></path></svg></span><span>Leave</span></a></li><li><a class="menu" href="/payroll" data-discover="true"><span class="icon"><svg stroke="currentColor" fill="currentColor" stroke-width="0" viewBox="0 0 640 512" height="1em" width="1em" xmlns="http://www.w3.org/2000/svg"><path d="M608 32H32C14.33 32 0 46.33 0 64v384c0 17.67 14.33 32 32 32h576c17.67 0 32-14.33 32-32V64c0-17.67-14.33-32-32-32zM176 327.88V344c0 4.42-3.58 8-8 8h-16c-4.42 0-8-3.58-8-8v-16.29c-11.29-.58-22.27-4.52-31.37-11.35-3.9-2.93-4.1-8.77-.57-12.14l11.75-11.21c2.77-2.64 6.89-2.76 10.13-.73 3.87 2.42 8.26 3.72 12.82 3.72h28.11c6.5 0 11.8-5.92 11.8-13.19 0-5.95-3.61-11.19-8.77-12.73l-45-13.5c-18.59-5.58-31.58-23.42-31.58-43.39 0-24.52 19.05-44.44 42.67-45.07V152c0-4.42 3.58-8 8-8h16c4.42 0 8 3.58 8 8v16.29c11.29.58 22.27 4.51 31.37 11.35 3.9 2.93 4.1 8.77.57 12.14l-11.75 11.21c-2.77 2.64-6.89 2.76-10.13.73-3.87-2.43-8.26-3.72-12.82-3.72h-28.11c-6.5 0-11.8 5.92-11.8 13.19 0 5.95 3.61 11.19 8.77 12.73l45 13.5c18.59 5.58 31.58 23.42 31.58 43.39 0 24.53-19.05 44.44-42.67 45.07zM416 312c0 4.42-3.58 8-8 8H296c-4.42 0-8-3.58-8-8v-16c0-4.42 3.58-8 8-8h112c4.42 0 8 3.58 8 8v16zm160 0c0 4.42-3.58 8-8 8h-80c-4.42 0-8-3.58-8-8v-16c0-4.42 3.58-8 8-8h80c4.42 0 8 3.58 8 8v16zm0-96c0 4.42-3.58 8-8 8H296c-4.42 0-8-3.58-8-8v-16c0-4.42 3.58-8 8-8h272c4.42 0 8 3.58 8 8v16z"></path></svg></span><span>Payroll</span></a></li><li><a class="menu" href="/reports" data-discover="true"><span class="icon"><svg stroke="currentColor" fill="currentColor" stroke-width="0" viewBox="0 0 512 512" height="1em" width="1em" xmlns="http://www.w3.org/2000/svg"><path d="M332.8 320h38.4c6.4 0 12.8-6.4 12.8-12.8V172.8c0-6.4-6.4-12.8-12.8-12.8h-38.4c-6.4 0-12.8 6.4-12.8 12.8v134.4c0 6.4 6.4 12.8 12.8 12.8zm96 0h38.4c6.4 0 12.8-6.4 12.8-12.8V76.8c0-6.4-6.4-12.8-12.8-12.8h-38.4c-6.4 0-12.8 6.4-12.8 12.8v230.4c0 6.4 6.4 12.8 12.8 12.8zm-288 0h38.4c6.4 0 12.8-6.4 12.8-12.8v-70.4c0-6.4-6.4-12.8-12.8-12.8h-38.4c-6.4 0-12.8 6.4-12.8 12.8v70.4c0 6.4 6.4 12.8 12.8 12.8zm96 0h38.4c6.4 0 12.8-6.4 12.8-12.8V108.8c0-6.4-6.4-12.8-12.8-12.8h-38.4c-6.4 0-12.8 6.4-12.8 12.8v198.4c0 6.4 6.4 12.8 12.8 12.8zM496 384H64V80c0-8.84-7.16-16-16-16H16C7.16 64 0 71.16 0 80v336c0 17.67 14.33 32 32 32h464c8.84 0 16-7.16 16-16v-32c0-8.84-7.16-16-16-16z"></path></svg></span><span>Reports</span></a></li><li><a class="menu" href="/settings" data-discover="true"><span class="icon"><svg stroke="currentColor" fill="currentColor" stroke-width="0" viewBox="0 0 512 512" height="1em" width="1em" xmlns="http://www.w3.org/2000/svg"><path d="M487.4 315.7l-42.6-24.6c4.3-23.2 4.3-47 0-70.2l42.6-24.6c4.9-2.8 7.1-8.6 5.5-14-11.1-35.6-30-67.8-54.7-94.6-3.8-4.1-10-5.1-14.8-2.3L380.8 110c-17.9-15.4-38.5-27.3-60.8-35.1V25.8c0-5.6-3.9-10.5-9.4-11.7-36.7-8.2-74.3-7.8-109.2 0-5.5 1.2-9.4 6.1-9.4 11.7V75c-22.2 7.9-42.8 19.8-60.8 35.1L88.7 85.5c-4.9-2.8-11-1.9-14.8 2.3-24.7 26.7-43.6 58.9-54.7 94.6-1.7 5.4.6 11.2 5.5 14L67.3 221c-4.3 23.2-4.3 47 0 70.2l-42.6 24.6c-4.9 2.8-7.1 8.6-5.5 14 11.1 35.6 30 67.8 54.7 94.6 3.8 4.1 10 5.1 14.8 2.3l42.6-24.6c17.9 15.4 38.5 27.3 60.8 35.1v49.2c0 5.6 3.9 10.5 9.4 11.7 36.7 8.2 74.3 7.8 109.2 0 5.5-1.2 9.4-6.1 9.4-11.7v-49.2c22.2-7.9 42.8-19.8 60.8-35.1l42.6 24.6c4.9 2.8 11 1.9 14.8-2.3 24.7-26.7 43.6-58.9 54.7-94.6 1.5-5.5-.7-11.3-5.6-14.1zM256 336c-44.1 0-80-35.9-80-80s35.9-80 80-80 80 35.9 80 80-35.9 80-80 80z"></path></svg></span><span>Settings</span></a></li></ul><div class="sidebar-footer"><button class="logout-btn"><svg stroke="currentColor" fill="currentColor" stroke-width="0" viewBox="0 0 512 512" height="1em" width="1em" xmlns="http://www.w3.org/2000/svg"><path d="M497 273L329 441c-15 15-41 4.5-41-17v-96H152c-13.3 0-24-10.7-24-24v-96c0-13.3 10.7-24 24-24h136V88c0-21.4 25.9-32 41-17l168 168c9.3 9.4 9.3 24.6 0 34zM192 436v-40c0-6.6-5.4-12-12-12H96c-17.7 0-32-14.3-32-32V160c0-17.7 14.3-32 32-32h84c6.6 0 12-5.4 12-12V76c0-6.6-5.4-12-12-12H96c-53 0-96 43-96 96v192c0 53 43 96 96 96h84c6.6 0 12-5.4 12-12z"></path></svg><span>Logout</span></button></div></div><div class="main-container"><header class="navbar"><div class="navbar-left"><button class="menu-btn"><svg stroke="currentColor" fill="currentColor" stroke-width="0" viewBox="0 0 448 512" height="1em" width="1em" xmlns="http://www.w3.org/2000/svg"><path d="M16 132h416c8.837 0 16-7.163 16-16V76c0-8.837-7.163-16-16-16H16C7.163 60 0 67.163 0 76v40c0 8.837 7.163 16 16 16zm0 160h416c8.837 0 16-7.163 16-16v-40c0-8.837-7.163-16-16-16H16c-8.837 0-16 7.163-16 16v40c0 8.837 7.163 16 16 16zm0 160h416c8.837 0 16-7.163 16-16v-40c0-8.837-7.163-16-16-16H16c-8.837 0-16 7.163-16 16v40c0 8.837 7.163 16 16 16z"></path></svg></button><div class="search-box"><svg stroke="currentColor" fill="currentColor" stroke-width="0" viewBox="0 0 512 512" class="search-icon" height="1em" width="1em" xmlns="http://www.w3.org/2000/svg"><path d="M505 442.7L405.3 343c-4.5-4.5-10.6-7-17-7H372c27.6-35.3 44-79.7 44-128C416 93.1 322.9 0 208 0S0 93.1 0 208s93.1 208 208 208c48.3 0 92.7-16.4 128-44v16.3c0 6.4 2.5 12.5 7 17l99.7 99.7c9.4 9.4 24.6 9.4 33.9 0l28.3-28.3c9.4-9.4 9.4-24.6.1-34zM208 336c-70.7 0-128-57.2-128-128 0-70.7 57.2-128 128-128 70.7 0 128 57.2 128 128 0 70.7-57.2 128-128 128z"></path></svg><input placeholder="Search employees, departments..." type="text"></div></div><div class="navbar-right"><button class="icon-btn"><svg stroke="currentColor" fill="currentColor" stroke-width="0" viewBox="0 0 512 512" height="1em" width="1em" xmlns="http://www.w3.org/2000/svg"><path d="M283.211 512c78.962 0 151.079-35.925 198.857-94.792 7.068-8.708-.639-21.43-11.562-19.35-124.203 23.654-238.262-71.576-238.262-196.954 0-72.222 38.662-138.635 101.498-174.394 9.686-5.512 7.25-20.197-3.756-22.23A258.156 258.156 0 0 0 283.211 0c-141.309 0-256 114.511-256 256 0 141.309 114.511 256 256 256z"></path></svg></button><button class="icon-btn notification"><svg stroke="currentColor" fill="currentColor" stroke-width="0" viewBox="0 0 448 512" height="1em" width="1em" xmlns="http://www.w3.org/2000/svg"><path d="M224 512c35.32 0 63.97-28.65 63.97-64H160.03c0 35.35 28.65 64 63.97 64zm215.39-149.71c-19.32-20.76-55.47-51.99-55.47-154.29 0-77.7-54.48-139.9-127.94-155.16V32c0-17.67-14.32-32-31.98-32s-31.98 14.33-31.98 32v20.84C118.56 68.1 64.08 130.3 64.08 208c0 102.3-36.15 133.53-55.47 154.29-6 6.45-8.66 14.16-8.61 21.71.11 16.4 12.98 32 32.1 32h383.8c19.12 0 32-15.6 32.1-32 .05-7.55-2.61-15.27-8.61-21.71z"></path></svg><span class="badge">5</span></button><div class="profile"><svg stroke="currentColor" fill="currentColor" stroke-width="0" viewBox="0 0 496 512" class="profile-icon" height="1em" width="1em" xmlns="http://www.w3.org/2000/svg"><path d="M248 8C111 8 0 119 0 256s111 248 248 248 248-111 248-248S385 8 248 8zm0 96c48.6 0 88 39.4 88 88s-39.4 88-88 88-88-39.4-88-88 39.4-88 88-88zm0 344c-58.7 0-111.3-26.6-146.5-68.2 18.8-35.4 55.6-59.8 98.5-59.8 2.4 0 4.8.4 7.1 1.1 13 4.2 26.6 6.9 40.9 6.9 14.3 0 28-2.7 40.9-6.9 2.3-.7 4.7-1.1 7.1-1.1 42.9 0 79.7 24.4 98.5 59.8C359.3 421.4 306.7 448 248 448z"></path></svg><div><h4>Administrator</h4><p>HR Manager</p></div></div></div></header><div class="page-content"><div class="employee-page"><div class="employee-top"><div><h1>Employee Management</h1><p>Manage all employees from one place.</p></div><button class="add-btn"><svg stroke="currentColor" fill="currentColor" stroke-width="0" viewBox="0 0 448 512" height="1em" width="1em" xmlns="http://www.w3.org/2000/svg"><path d="M416 208H272V64c0-17.67-14.33-32-32-32h-32c-17.67 0-32 14.33-32 32v144H32c-17.67 0-32 14.33-32 32v32c0 17.67 14.33 32 32 32h144v144c0 17.67 14.33 32 32 32h32c17.67 0 32-14.33 32-32V304h144c17.67 0 32-14.33 32-32v-32c0-17.67-14.33-32-32-32z"></path></svg>Add Employee</button></div><div class="toolbar"><div class="search-box-employee"><svg stroke="currentColor" fill="currentColor" stroke-width="0" viewBox="0 0 512 512" height="1em" width="1em" xmlns="http://www.w3.org/2000/svg"><path d="M505 442.7L405.3 343c-4.5-4.5-10.6-7-17-7H372c27.6-35.3 44-79.7 44-128C416 93.1 322.9 0 208 0S0 93.1 0 208s93.1 208 208 208c48.3 0 92.7-16.4 128-44v16.3c0 6.4 2.5 12.5 7 17l99.7 99.7c9.4 9.4 24.6 9.4 33.9 0l28.3-28.3c9.4-9.4 9.4-24.6.1-34zM208 336c-70.7 0-128-57.2-128-128 0-70.7 57.2-128 128-128 70.7 0 128 57.2 128 128 0 70.7-57.2 128-128 128z"></path></svg><input placeholder="Search Employee..." type="text" value="Automation Test"></div><select><option value="All">All</option><option value="Creative">Creative</option><option value="Branding">Branding</option><option value="Implementation">Implementation</option><option value="Integration">Integration</option><option value="Metrics">Metrics</option><option value="Operations">Operations</option><option value="Directives">Directives</option><option value="Paradigm">Paradigm</option><option value="Response">Response</option><option value="Marketing">Marketing</option><option value="Research">Research</option><option value="Applications">Applications</option><option value="Brand">Brand</option><option value="Program">Program</option><option value="Optimization">Optimization</option><option value="Assurance">Assurance</option><option value="Factors">Factors</option><option value="Data">Data</option><option value="Markets">Markets</option><option value="Mobility">Mobility</option><option value="Configuration">Configuration</option><option value="Division">Division</option><option value="Functionality">Functionality</option><option value="Identity">Identity</option><option value="Tactics">Tactics</option><option value="Web">Web</option><option value="Usability">Usability</option><option value="Security">Security</option></select><button class="refresh-btn"><svg stroke="currentColor" fill="currentColor" stroke-width="0" viewBox="0 0 512 512" height="1em" width="1em" xmlns="http://www.w3.org/2000/svg"><path d="M370.72 133.28C339.458 104.008 298.888 87.962 255.848 88c-77.458.068-144.328 53.178-162.791 126.85-1.344 5.363-6.122 9.15-11.651 9.15H24.103c-7.498 0-13.194-6.807-11.807-14.176C33.933 94.924 134.813 8 256 8c66.448 0 126.791 26.136 171.315 68.685L463.03 40.97C478.149 25.851 504 36.559 504 57.941V192c0 13.255-10.745 24-24 24H345.941c-21.382 0-32.09-25.851-16.971-40.971l41.75-41.749zM32 296h134.059c21.382 0 32.09 25.851 16.971 40.971l-41.75 41.75c31.262 29.273 71.835 45.319 114.876 45.28 77.418-.07 144.315-53.144 162.787-126.849 1.344-5.363 6.122-9.15 11.651-9.15h57.304c7.498 0 13.194 6.807 11.807 14.176C478.067 417.076 377.187 504 256 504c-66.448 0-126.791-26.136-171.315-68.685L48.97 471.03C33.851 486.149 8 475.441 8 454.059V320c0-13.255 10.745-24 24-24z"></path></svg>Refresh</button></div><div class="employee-summary"><div class="summary-card"><h2>51</h2><p>Total Employees</p></div><div class="summary-card"><h2>50</h2><p>Active Employees</p></div><div class="summary-card"><h2>1</h2><p>Inactive Employees</p></div></div><div class="employee-table-container"><table class="employee-table"><thead><tr><th>Employee</th><th>Employee ID</th><th>Department</th><th>Designation</th><th>Phone</th><th>Status</th><th>Actions</th></tr></thead><tbody><tr><td colspan="7" style="text-align: center; padding: 40px;">No Employees Found</td></tr></tbody></table></div></div></div></div></div></div>
    <script type="module" src="/src/main.jsx"></script>
  

</body></html>
]]></system-out>
    <system-err><![CDATA[SLF4J(W): No SLF4J providers were found.
SLF4J(W): Defaulting to no-operation (NOP) logger implementation
SLF4J(W): See https://www.slf4j.org/codes.html#noProviders for further details.
Jul 18, 2026 1:40:27 AM org.openqa.selenium.devtools.CdpVersionFinder findNearestMatch
WARNING: Unable to find CDP implementation matching 150
Jul 18, 2026 1:40:27 AM org.openqa.selenium.chromium.ChromiumDriver lambda$new$4
WARNING: Unable to find version of CDP to use for 150.0.7871.127. You may need to include a dependency on a specific version of the CDP using something similar to `org.seleniumhq.selenium:selenium-devtools-v86:4.34.0` where the version ("v86") matches the version of the chromium-based browser you're using and the version number of the artifact is the same as Selenium's.
]]></system-err>
  </testcase>
</testsuite>