<?xml version="1.0" encoding="UTF-8"?>
<testsuite xmlns:xsi="http://www.w3.org/2001/XMLSchema-instance" xsi:noNamespaceSchemaLocation="https://maven.apache.org/surefire/maven-surefire-plugin/xsd/surefire-test-report.xsd" version="3.0.2" name="com.cucumber.runner.TestRunner" time="7.486" tests="1" errors="0" skipped="0" failures="0">
  <properties>
[...]
</properties>
  <testcase name="Valid Login" classname="Login Functionality" time="6.559">
    <system-out><![CDATA[
&amp#27;[1mScenario:&amp#27;[22m Valid Login                               &amp#27;[90m# src/test/resources/features/features/Login.feature:2&amp#27;[39m
  &amp#27;[32m✔&amp#27;[39m &amp#27;[32m&amp#27;[1mGiven &amp#27;[22mUser opens the login page&amp#27;[39m                 &amp#27;[90m# com.cucumber.stepdefinitions.LoginSteps.user_opens_the_login_page()&amp#27;[39m
  &amp#27;[32m✔&amp#27;[39m &amp#27;[32m&amp#27;[1mWhen &amp#27;[22muser enters the username &amp#27;[1m"priya@gmail.com"&amp#27;[22m&amp#27;[39m &amp#27;[90m# com.cucumber.stepdefinitions.LoginSteps.user_enters_the_username(java.lang.String)&amp#27;[39m
  &amp#27;[32m✔&amp#27;[39m &amp#27;[32m&amp#27;[1mAnd &amp#27;[22muser enters the password &amp#27;[1m"priya"&amp#27;[22m&amp#27;[39m            &amp#27;[90m# com.cucumber.stepdefinitions.LoginSteps.user_enters_the_password(java.lang.String)&amp#27;[39m
  &amp#27;[32m✔&amp#27;[39m &amp#27;[32m&amp#27;[1mThen &amp#27;[22mclick the Login Button&amp#27;[39m                     &amp#27;[90m# com.cucumber.stepdefinitions.LoginSteps.click_the_login_button()&amp#27;[39m
]]></system-out>
    <system-err><![CDATA[SLF4J(W): No SLF4J providers were found.
SLF4J(W): Defaulting to no-operation (NOP) logger implementation
SLF4J(W): See https://www.slf4j.org/codes.html#noProviders for further details.
Jul 18, 2026 9:45:36 AM org.openqa.selenium.devtools.CdpVersionFinder findNearestMatch
WARNING: Unable to find an exact match for CDP version 150, returning the closest version; found: 149; Please update to a Selenium version that supports CDP version 150
]]></system-err>
  </testcase>
</testsuite>